<?xml version="1.0" encoding="UTF-8"?>
<!-- Generated by org.testng.reporters.JUnitReportReporter -->
<testsuite hostname="DESKTOP-1S6RDGI" failures="0" tests="2" name="MVN4.Six" time="0.010" errors="0" timestamp="2022-10-17T15:07:57 IST" skipped="0">
  <testcase classname="MVN4.Six" name="a2" time="0.005"/>
  <system-out/>
  <testcase classname="MVN4.Six" name="b2" time="0.005"/>
  <system-out/>
</testsuite> <!-- MVN4.Six -->
