<?xml version="1.0" encoding="UTF-8"?>
<!-- Generated by org.testng.reporters.JUnitReportReporter -->
<testsuite hostname="DESKTOP-1S6RDGI" failures="0" tests="2" name="DemoMVN.MavenProject.Frames" time="0.435" errors="0" timestamp="2022-10-19T16:16:16 IST" skipped="1">
  <testcase classname="DemoMVN.MavenProject.Frames" name="finding_element_frames" time="0.435"/>
  <system-out/>
  <testcase classname="DemoMVN.MavenProject.Frames" name="frames">
    <skipped/>
  </testcase> <!-- frames -->
  <system-out/>
</testsuite> <!-- DemoMVN.MavenProject.Frames -->
