<?xml version="1.0" encoding="UTF-8"?>
<!-- Generated by org.testng.reporters.JUnitReportReporter -->
<testsuite hostname="DESKTOP-1S6RDGI" failures="0" tests="3" name="MVN2.One" time="0.074" errors="0" timestamp="2022-10-17T15:07:57 IST" skipped="0">
  <testcase classname="MVN2.One" name="b" time="0.012"/>
  <system-out/>
  <testcase classname="MVN2.One" name="c" time="0.022"/>
  <system-out/>
  <testcase classname="MVN2.One" name="a" time="0.040"/>
  <system-out/>
</testsuite> <!-- MVN2.One -->
