<?xml version="1.0" encoding="UTF-8"?>
<!-- Generated by org.testng.reporters.JUnitReportReporter -->
<testsuite hostname="DESKTOP-1S6RDGI" failures="0" tests="2" name="MVN2.Three" time="0.018" errors="0" timestamp="2022-10-17T15:07:57 IST" skipped="0">
  <testcase classname="MVN2.Three" name="a11" time="0.007"/>
  <system-out/>
  <testcase classname="MVN2.Three" name="b22" time="0.011"/>
  <system-out/>
</testsuite> <!-- MVN2.Three -->
