<?xml version="1.0" encoding="UTF-8"?>
<!-- Generated by org.testng.reporters.JUnitReportReporter -->
<testsuite hostname="DESKTOP-1S6RDGI" failures="0" tests="2" name="MVN4.Seven" time="0.065" errors="0" timestamp="2022-10-17T15:07:57 IST" skipped="0">
  <testcase classname="MVN4.Seven" name="a3" time="0.026"/>
  <system-out/>
  <testcase classname="MVN4.Seven" name="b3" time="0.039"/>
  <system-out/>
</testsuite> <!-- MVN4.Seven -->
