<?xml version="1.0" encoding="UTF-8"?>
<!-- Generated by org.testng.reporters.JUnitReportReporter -->
<testsuite hostname="DESKTOP-1S6RDGI" failures="0" tests="1" name="DemoMVN.MavenProject.DemoTestNG" time="14.399" errors="0" timestamp="2022-10-17T14:57:21 IST" skipped="0">
  <testcase classname="DemoMVN.MavenProject.DemoTestNG" name="testNGDemo" time="14.399"/>
  <system-out/>
</testsuite> <!-- DemoMVN.MavenProject.DemoTestNG -->
