<?xml version="1.0" encoding="UTF-8"?>
<!-- Generated by org.testng.reporters.JUnitReportReporter -->
<testsuite hostname="DESKTOP-1S6RDGI" failures="0" tests="5" name="DemoMVN.MavenProject.WebTables" time="13.059" errors="0" timestamp="2022-10-19T12:01:00 IST" skipped="4">
  <testcase classname="DemoMVN.MavenProject.WebTables" name="allData" time="13.059"/>
  <system-out/>
  <testcase classname="DemoMVN.MavenProject.WebTables" name="rowsAndColumns">
    <skipped/>
  </testcase> <!-- rowsAndColumns -->
  <system-out/>
  <testcase classname="DemoMVN.MavenProject.WebTables" name="data">
    <skipped/>
  </testcase> <!-- data -->
  <system-out/>
  <testcase classname="DemoMVN.MavenProject.WebTables" name="open">
    <skipped/>
  </testcase> <!-- open -->
  <system-out/>
  <testcase classname="DemoMVN.MavenProject.WebTables" name="gettext">
    <skipped/>
  </testcase> <!-- gettext -->
  <system-out/>
</testsuite> <!-- DemoMVN.MavenProject.WebTables -->
