<?xml version="1.0" encoding="UTF-8"?>
<!-- Generated by org.testng.reporters.JUnitReportReporter -->
<testsuite hostname="DESKTOP-1S6RDGI" failures="0" tests="1" name="DemoMVN.MavenProject.Webtables2" time="11.710" errors="0" timestamp="2022-10-19T12:50:55 IST" skipped="0">
  <testcase classname="DemoMVN.MavenProject.Webtables2" name="f" time="11.710"/>
  <system-out/>
</testsuite> <!-- DemoMVN.MavenProject.Webtables2 -->
