<?xml version="1.0" encoding="UTF-8"?>
<!-- Generated by org.testng.reporters.JUnitReportReporter -->
<testsuite hostname="DESKTOP-1S6RDGI" failures="0" tests="4" name="DemoMVN.MavenProject.TestNGDemo1" time="0.055" errors="0" timestamp="2022-10-17T15:11:35 IST" skipped="1">
  <testcase classname="DemoMVN.MavenProject.TestNGDemo1" name="three" time="0.014"/>
  <system-out/>
  <testcase classname="DemoMVN.MavenProject.TestNGDemo1" name="one" time="0.036"/>
  <system-out/>
  <testcase classname="DemoMVN.MavenProject.TestNGDemo1" name="two" time="0.005"/>
  <system-out/>
  <testcase classname="DemoMVN.MavenProject.TestNGDemo1" name="four">
    <skipped/>
  </testcase> <!-- four -->
  <system-out/>
</testsuite> <!-- DemoMVN.MavenProject.TestNGDemo1 -->
