<?xml version="1.0" encoding="UTF-8"?>
<!-- Generated by org.testng.reporters.JUnitReportReporter -->
<testsuite hostname="DESKTOP-1S6RDGI" failures="0" tests="4" name="MVN5.Eight" time="0.056" errors="0" timestamp="2022-10-17T15:39:19 IST" skipped="1">
  <testcase classname="MVN5.Eight" name="one" time="0.040"/>
  <system-out/>
  <testcase classname="MVN5.Eight" name="four" time="0.011"/>
  <system-out/>
  <testcase classname="MVN5.Eight" name="two" time="0.005"/>
  <system-out/>
  <testcase classname="MVN5.Eight" name="three">
    <skipped/>
  </testcase> <!-- three -->
  <system-out/>
</testsuite> <!-- MVN5.Eight -->
