<?xml version="1.0" encoding="UTF-8"?>
<!-- Generated by org.testng.reporters.JUnitReportReporter -->
<testsuite hostname="DESKTOP-1S6RDGI" failures="0" tests="2" name="MVN3.Four" time="0.020" errors="0" timestamp="2022-10-17T15:07:57 IST" skipped="0">
  <testcase classname="MVN3.Four" name="b0" time="0.012"/>
  <system-out/>
  <testcase classname="MVN3.Four" name="a0" time="0.008"/>
  <system-out/>
</testsuite> <!-- MVN3.Four -->
