<?xml version="1.0" encoding="UTF-8"?>
<!-- Generated by org.testng.reporters.JUnitReportReporter -->
<testsuite hostname="DESKTOP-1S6RDGI" failures="0" tests="2" name="DemoMVN.MavenProject.DataProvidersLogin" time="99.683" errors="0" timestamp="2022-12-14T11:14:34 IST" skipped="0">
  <testcase classname="DemoMVN.MavenProject.DataProvidersLogin" name="loginTest" time="54.731"/>
  <system-out/>
  <testcase classname="DemoMVN.MavenProject.DataProvidersLogin" name="loginTest" time="44.952"/>
  <system-out/>
</testsuite> <!-- DemoMVN.MavenProject.DataProvidersLogin -->
