<?xml version="1.0" encoding="UTF-8"?>
<!-- Generated by org.testng.reporters.JUnitReportReporter -->
<testsuite hostname="DESKTOP-1S6RDGI" failures="0" tests="3" name="MVN2.Two" time="0.038" errors="0" timestamp="2022-10-17T15:07:57 IST" skipped="0">
  <testcase classname="MVN2.Two" name="f" time="0.014"/>
  <system-out/>
  <testcase classname="MVN2.Two" name="e" time="0.014"/>
  <system-out/>
  <testcase classname="MVN2.Two" name="g" time="0.010"/>
  <system-out/>
</testsuite> <!-- MVN2.Two -->
