<?xml version="1.0" encoding="UTF-8"?>
<!-- Generated by org.testng.reporters.JUnitReportReporter -->
<testsuite hostname="DESKTOP-1S6RDGI" failures="0" tests="3" name="MVN3.Five" time="0.020" errors="0" timestamp="2022-10-17T15:07:57 IST" skipped="0">
  <testcase classname="MVN3.Five" name="b1" time="0.008"/>
  <system-out/>
  <testcase classname="MVN3.Five" name="c1" time="0.006"/>
  <system-out/>
  <testcase classname="MVN3.Five" name="a1" time="0.006"/>
  <system-out/>
</testsuite> <!-- MVN3.Five -->
